Graphics Magick Path = I:\Program Files\Team MediaPortal\MediaPortal\Burner\gm.exe
mplex path = I:\Program Files\Team MediaPortal\MediaPortal\Burner\mplex.exe
png2yuv path = I:\Program Files\Team MediaPortal\MediaPortal\Burner\png2yuv.exe
mpeg2enc path = I:\Program Files\Team MediaPortal\MediaPortal\Burner\mpeg2enc.exe
spumux path = I:\Program Files\Team MediaPortal\MediaPortal\Burner\spumux.exe
AC3 audio path = I:\Program Files\Team MediaPortal\MediaPortal\Burner\Silence.ac3
Button Image = I:\Program Files\Team MediaPortal\MediaPortal\Burner\navButton.png
Format = PAL
Leave files for debugging = 1
showTitle(0) =  Хлебцы хрустящие
episodeName(0) = 
episodeDesc(0) = 
episodePicture(0) = 

Logo 1 image I:\Documents and Settings\All Users\Application Data\Team MediaPortal\MediaPortal\Skin\DefaultWide\media\hp_start.png doesn't exist!
Button image I:\Documents and Settings\All Users\Application Data\Team MediaPortal\MediaPortal\Skin\DefaultWide\media\button_green_focus_165x32.png doesn't exist!

************ Generating Background ************
Executing- "I:\Program Files\Team MediaPortal\MediaPortal\Burner\gm.exe" convert -resize 720x576! "I:\Documents and Settings\All Users\Application Data\Team MediaPortal\MediaPortal\Skin\DefaultWide\media\background.png" "I:\temp\DVD\menuBackground.png"

************ Generating Main Menu Nav Buttons ************
Executing: "I:\Program Files\Team MediaPortal\MediaPortal\Burner\gm.exe" convert -quality 100 -size "720x576" xc:transparent "I:\temp\DVD\navButtonStamp.png"
Executing: "I:\Program Files\Team MediaPortal\MediaPortal\Burner\gm.exe" composite -geometry +60+42 -filter Point -resize "50x" "I:\Program Files\Team MediaPortal\MediaPortal\Burner\navButton.png" "I:\temp\DVD\navButtonStamp.png" "I:\temp\DVD\navButtonStamp.png"

************ Generating Sub Menu Nav Buttons ************
Executing: "I:\Program Files\Team MediaPortal\MediaPortal\Burner\gm.exe" convert -quality 100 -size "720x576" xc:transparent "I:\temp\DVD\subMenuNavButtonStamp.png"
Executing: "I:\Program Files\Team MediaPortal\MediaPortal\Burner\gm.exe" composite -geometry +60+317 -filter Point -resize "50x" "I:\Program Files\Team MediaPortal\MediaPortal\Burner\navButton.png" "I:\temp\DVD\subMenuNavButtonStamp.png" "I:\temp\DVD\subMenuNavButtonStamp.png"
Executing: "I:\Program Files\Team MediaPortal\MediaPortal\Burner\gm.exe" composite -geometry +60+372 -filter Point -resize "50x" "I:\Program Files\Team MediaPortal\MediaPortal\Burner\navButton.png" "I:\temp\DVD\subMenuNavButtonStamp.png" "I:\temp\DVD\subMenuNavButtonStamp.png"

************ Generating Submenu Template************
Executing: "I:\Program Files\Team MediaPortal\MediaPortal\Burner\gm.exe" convert -quality 100 -size "720x576" xc:transparent -font "C:\WINDOWS\Fonts\tahomabd.ttf" -pointsize 28 -fill white -draw  "text 110,357 'Play Show'" "I:\temp\DVD\stamp.png"
Executing: "I:\Program Files\Team MediaPortal\MediaPortal\Burner\gm.exe" convert -resize 720x576! "I:\Documents and Settings\All Users\Application Data\Team MediaPortal\MediaPortal\Skin\DefaultWide\media\background.png" "I:\temp\DVD\subMenuBackgroundTemplate.png"
Executing: "I:\Program Files\Team MediaPortal\MediaPortal\Burner\gm.exe" composite -dissolve 100% -geometry +535+100 -resize "175x" "I:\Documents and Settings\All Users\Application Data\Team MediaPortal\MediaPortal\Skin\DefaultWide\media\hp_start.png" "I:\temp\DVD\subMenuBackgroundTemplate.png" "I:\temp\DVD\subMenuBackgroundTemplate.png"
Executing: "I:\Program Files\Team MediaPortal\MediaPortal\Burner\gm.exe" composite -dissolve 100% -geometry +535+250 -resize "175x" "I:\Documents and Settings\All Users\Application Data\Team MediaPortal\MediaPortal\Skin\DefaultWide\media\hover_my videos.png" "I:\temp\DVD\subMenuBackgroundTemplate.png" "I:\temp\DVD\subMenuBackgroundTemplate.png"
Executing: "I:\Program Files\Team MediaPortal\MediaPortal\Burner\gm.exe" composite  -quality 100 -dissolve 100% -geometry +75+50 -resize "590x390!" "I:\Documents and Settings\All Users\Application Data\Team MediaPortal\MediaPortal\Skin\DefaultWide\media\osd_dialog_big.png" "I:\temp\DVD\subMenuBackgroundTemplate.png" "I:\temp\DVD\subMenuBackgroundTemplate.png"
Executing: "I:\Program Files\Team MediaPortal\MediaPortal\Burner\gm.exe" composite -dissolve 100% -geometry +65+325 -resize 230x50! "I:\Documents and Settings\All Users\Application Data\Team MediaPortal\MediaPortal\Skin\DefaultWide\media\button_green_focus_165x32.png" "I:\temp\DVD\subMenuBackgroundTemplate.png" "I:\temp\DVD\subMenuBackgroundTemplate.png"
Executing: "I:\Program Files\Team MediaPortal\MediaPortal\Burner\gm.exe" composite -dissolve 100% -geometry +65+380 -resize 230x50! "I:\Documents and Settings\All Users\Application Data\Team MediaPortal\MediaPortal\Skin\DefaultWide\media\button_green_focus_165x32.png" "I:\temp\DVD\subMenuBackgroundTemplate.png" "I:\temp\DVD\subMenuBackgroundTemplate.png"
Executing: "I:\Program Files\Team MediaPortal\MediaPortal\Burner\gm.exe" convert -quality 100 -size "720x576" xc:transparent -font "C:\WINDOWS\Fonts\tahomabd.ttf" -pointsize 28 -fill white -draw  "text 100,357 'Play Show'" "I:\temp\DVD\stamp.png"
Executing: "I:\Program Files\Team MediaPortal\MediaPortal\Burner\gm.exe" composite -quality 100 "I:\temp\DVD\stamp.png" "I:\temp\DVD\subMenuBackgroundTemplate.png" "I:\temp\DVD\subMenuBackgroundTemplate.png"
Executing: "I:\Program Files\Team MediaPortal\MediaPortal\Burner\gm.exe" convert -quality 100 -size "720x576" xc:transparent -font "C:\WINDOWS\Fonts\tahomabd.ttf" -pointsize 28 -fill white -draw  "text 100,412 'Main Menu'" "I:\temp\DVD\stamp.png"
Executing: "I:\Program Files\Team MediaPortal\MediaPortal\Burner\gm.exe" composite -quality 100 "I:\temp\DVD\stamp.png" "I:\temp\DVD\subMenuBackgroundTemplate.png" "I:\temp\DVD\subMenuBackgroundTemplate.png"

************ Generating Submenu 0************
Executing: "I:\Program Files\Team MediaPortal\MediaPortal\Burner\gm.exe" convert -quality 100 -size "720x576" xc:transparent -font "C:\WINDOWS\Fonts\tahomabd.ttf" -pointsize 22 -fill white -draw  "text +130+130 'Series:  Хлебцы хрустящие
Episode: '" "I:\temp\DVD\stamp.png"
Executing: "I:\Program Files\Team MediaPortal\MediaPortal\Burner\gm.exe" composite -quality 100 "I:\temp\DVD\stamp.png" "I:\temp\DVD\subMenuBackgroundTemplate.png" "I:\temp\DVD\subMenuBackground.0.png"
Creating m2v: "I:\Program Files\Team MediaPortal\MediaPortal\Burner\png2yuv.exe" -n 30 -I p -f 25 -j "I:\temp\DVD\subMenuBackground.0.png" | "I:\Program Files\Team MediaPortal\MediaPortal\Burner\mpeg2enc.exe" -n p -f 8 -o "I:\temp\DVD\subMenuBackground.0.m2v"
Multiplexing: "I:\Program Files\Team MediaPortal\MediaPortal\Burner\mplex.exe" -f 8 -o "I:\temp\DVD\subMenuBackground.0.menu_temp.mpg" "I:\temp\DVD\subMenuBackground.0.m2v" "I:\Program Files\Team MediaPortal\MediaPortal\Burner\Silence.ac3"
**> Creating subMenu 0 file structure
Creating DVD submenu 0: "I:\Program Files\Team MediaPortal\MediaPortal\Burner\spumux.exe" -v 1 "I:\temp\DVD\subMenuBackground.0.menu.config.xml" < "I:\temp\DVD\subMenuBackground.0.menu_temp.mpg" > "I:\temp\DVD\subMenuBackground.0.menu.mpg"
<** Done

************ Generating Main Menu Template************
Executing: "I:\Program Files\Team MediaPortal\MediaPortal\Burner\gm.exe" composite -dissolve 100% -geometry +535+100 -resize "175x" "I:\Documents and Settings\All Users\Application Data\Team MediaPortal\MediaPortal\Skin\DefaultWide\media\hp_start.png" "I:\temp\DVD\menuBackground.png" "I:\temp\DVD\menuBackground.png"
Executing: "I:\Program Files\Team MediaPortal\MediaPortal\Burner\gm.exe" composite -dissolve 100% -geometry +535+250 -resize "175x" "I:\Documents and Settings\All Users\Application Data\Team MediaPortal\MediaPortal\Skin\DefaultWide\media\hover_my videos.png" "I:\temp\DVD\menuBackground.png" "I:\temp\DVD\menuBackground.png"
Executing: "I:\Program Files\Team MediaPortal\MediaPortal\Burner\gm.exe" composite -dissolve 100% -geometry +65+50 -resize 450x50! "I:\Documents and Settings\All Users\Application Data\Team MediaPortal\MediaPortal\Skin\DefaultWide\media\button_green_focus_165x32.png" "I:\temp\DVD\menuBackground.png" "I:\temp\DVD\menuBackground.png"
Executing: "I:\Program Files\Team MediaPortal\MediaPortal\Burner\gm.exe" convert -quality 100 -size "720x576" xc:transparent -font "C:\WINDOWS\Fonts\tahomabd.ttf" -pointsize 19 -fill white -draw  "text 100,69 ' Хлебцы хрустящие'" "I:\temp\DVD\stamp.png"
Executing: "I:\Program Files\Team MediaPortal\MediaPortal\Burner\gm.exe" composite -quality 100 "I:\temp\DVD\stamp.png" "I:\temp\DVD\menuBackground.png" "I:\temp\DVD\menuBackground.png"
Executing: "I:\Program Files\Team MediaPortal\MediaPortal\Burner\gm.exe" convert -quality 100 -size "720x576" xc:transparent -font "C:\WINDOWS\Fonts\tahomabd.ttf" -pointsize 19 -fill white -draw  "text 109,91 ''" "I:\temp\DVD\stamp.png"
Executing: "I:\Program Files\Team MediaPortal\MediaPortal\Burner\gm.exe" composite -quality 100 "I:\temp\DVD\stamp.png" "I:\temp\DVD\menuBackground.png" "I:\temp\DVD\menuBackground.png"

************ Generating Nav Button/Menu Mockup ************
Executing: "I:\Program Files\Team MediaPortal\MediaPortal\Burner\gm.exe" composite -quality 100 "I:\temp\DVD\navButtonStamp.png" "I:\temp\DVD\menuBackground.png" "I:\temp\DVD\menuBackground.nav.png"
Executing: "I:\Program Files\Team MediaPortal\MediaPortal\Burner\gm.exe" composite -quality 100 "I:\temp\DVD\subMenuNavButtonStamp.png" "I:\temp\DVD\subMenuBackground.0.png" "I:\temp\DVD\subMenuBackground.nav.png"

Creating m2v: "I:\Program Files\Team MediaPortal\MediaPortal\Burner\png2yuv.exe" -n 30 -I p -f 25 -j "I:\temp\DVD\menuBackground.png" | "I:\Program Files\Team MediaPortal\MediaPortal\Burner\mpeg2enc.exe" -n p -f 8 -b 9000 -o "I:\temp\DVD\menuBackground.m2v"
Multiplexing: "I:\Program Files\Team MediaPortal\MediaPortal\Burner\mplex.exe" -f 8 -o "I:\temp\DVD\menuBackground.menu_temp.mpg" "I:\temp\DVD\menuBackground.m2v" "I:\Program Files\Team MediaPortal\MediaPortal\Burner\Silence.ac3"
**> Creating menuBackground file structure
Creating DVD main menu: "I:\Program Files\Team MediaPortal\MediaPortal\Burner\spumux.exe" -v 1 "I:\temp\DVD\menuBackground.menu.config.xml" < "I:\temp\DVD\menuBackground.menu_temp.mpg" > "I:\temp\DVD\menuBackground.menu.mpg"
<** Done
**> Done!
